<?xml version="1.0" encoding="UTF-8"?>
<testsuite name="InjectedTest" time="1.4" tests="14" errors="0" skipped="0" failures="0">
  <properties>
[...]
</properties>
  <testcase name="com/dabsquared/gitlabjenkins/cause/GitLabWebHookCause/description.jelly" classname="org.jvnet.hudson.test.JellyTestSuiteBuilder$JellyCheck" time="0.086"/>
  <testcase name="com/dabsquared/gitlabjenkins/connection/GitLabApiTokenImpl/credentials.jelly" classname="org.jvnet.hudson.test.JellyTestSuiteBuilder$JellyCheck" time="0.062"/>
  <testcase name="com/dabsquared/gitlabjenkins/connection/GitLabConnectionConfig/config.jelly" classname="org.jvnet.hudson.test.JellyTestSuiteBuilder$JellyCheck" time="0.239"/>
  <testcase name="com/dabsquared/gitlabjenkins/connection/GitLabConnectionProperty/config.jelly" classname="org.jvnet.hudson.test.JellyTestSuiteBuilder$JellyCheck" time="0.019"/>
  <testcase name="com/dabsquared/gitlabjenkins/GitLabPushTrigger/config.jelly" classname="org.jvnet.hudson.test.JellyTestSuiteBuilder$JellyCheck" time="0.235"/>
  <testcase name="com/dabsquared/gitlabjenkins/GitLabPushTrigger/GitLabWebHookPollingAction/index.jelly" classname="org.jvnet.hudson.test.JellyTestSuiteBuilder$JellyCheck" time="0.059"/>
  <testcase name="com/dabsquared/gitlabjenkins/GitLabPushTrigger/help.jelly" classname="org.jvnet.hudson.test.JellyTestSuiteBuilder$JellyCheck" time="0.002"/>
  <testcase name="com/dabsquared/gitlabjenkins/publisher/GitLabCommitStatusPublisher/config.jelly" classname="org.jvnet.hudson.test.JellyTestSuiteBuilder$JellyCheck" time="0.024"/>
  <testcase name="com/dabsquared/gitlabjenkins/workflow/GitLabBuildsStep/config.jelly" classname="org.jvnet.hudson.test.JellyTestSuiteBuilder$JellyCheck" time="0.017"/>
  <testcase name="com/dabsquared/gitlabjenkins/workflow/GitLabCommitStatusStep/config.jelly" classname="org.jvnet.hudson.test.JellyTestSuiteBuilder$JellyCheck" time="0.019"/>
  <testcase name="com/dabsquared/gitlabjenkins/workflow/UpdateGitLabCommitStatusStep/config.jelly" classname="org.jvnet.hudson.test.JellyTestSuiteBuilder$JellyCheck" time="0.034"/>
  <testcase name="index.jelly" classname="org.jvnet.hudson.test.JellyTestSuiteBuilder$JellyCheck" time="0.004"/>
  <testcase name="org.jvnet.hudson.test.JellyTestSuiteBuilder$JellyTestSuite" classname="org.jvnet.hudson.test.junit.FailedTest" time="0"/>
  <testcase name="testCliSanity" classname="org.jvnet.hudson.test.PluginAutomaticTestBuilder$CliSanityTest" time="0.6"/>
</testsuite>